==== STDOUT (1) Harvest aliases (hot-only)) ====
[info] Brands to crawl: 45; modes=['hot']; cutoff_days=ALL
[ok] wrote ../data/reddit_brand_harvest_hot.csv (rows=4637)


==== STDERR (1) Harvest aliases (hot-only)) ====

Brands:   0%|          | 0/45 [00:00<?, ?it/s]
Brands:   2%|▏         | 1/45 [02:01<1:29:13, 121.67s/it]
Brands:   4%|▍         | 2/45 [02:06<37:46, 52.72s/it]   
Brands:   7%|▋         | 3/45 [03:20<43:55, 62.76s/it]
Brands:   9%|▉         | 4/45 [05:02<53:28, 78.25s/it]
Brands:  11%|█         | 5/45 [05:09<34:52, 52.32s/it]
Brands:  13%|█▎        | 6/45 [06:16<37:13, 57.26s/it]
Brands:  16%|█▌        | 7/45 [07:44<42:46, 67.53s/it]
Brands:  18%|█▊        | 8/45 [10:02<55:27, 89.92s/it]
Brands:  20%|██        | 9/45 [11:42<55:54, 93.19s/it]
Brands:  22%|██▏       | 10/45 [12:42<48:17, 82.80s/it]
Brands:  24%|██▍       | 11/45 [14:18<49:08, 86.72s/it]
Brands:  27%|██▋       | 12/45 [15:56<49:39, 90.29s/it]
Brands:  29%|██▉       | 13/45 [17:00<43:52, 82.27s/it]
Brands:  31%|███       | 14/45 [18:37<44:47, 86.68s/it]
Brands:  33%|███▎      | 15/45 [18:40<30:45, 61.51s/it]
Brands:  36%|███▌      | 16/45 [19:11<25:14, 52.24s/it]
Brands:  38%|███▊      | 17/45 [19:43<21:35, 46.26s/it]
Brands:  40%|████      | 18/45 [20:51<23:44, 52.77s/it]
Brands:  42%|████▏     | 19/45 [23:12<34:25, 79.45s/it]
Brands:  44%|████▍     | 20/45 [23:32<25:36, 61.48s/it]
Brands:  47%|████▋     | 21/45 [25:35<31:54, 79.77s/it]
Brands:  49%|████▉     | 22/45 [28:34<42:04, 109.76s/it]
Brands:  51%|█████     | 23/45 [29:50<36:32, 99.67s/it] 
Brands:  53%|█████▎    | 24/45 [31:48<36:48, 105.17s/it]
Brands:  56%|█████▌    | 25/45 [33:19<33:35, 100.78s/it]
Brands:  58%|█████▊    | 26/45 [33:45<24:51, 78.52s/it] 
Brands:  60%|██████    | 27/45 [34:47<22:04, 73.56s/it]
Brands:  62%|██████▏   | 28/45 [35:05<16:06, 56.86s/it]
Brands:  64%|██████▍   | 29/45 [35:09<10:53, 40.81s/it]
Brands:  67%|██████▋   | 30/45 [35:12<07:21, 29.46s/it]
Brands:  69%|██████▉   | 31/45 [35:30<06:06, 26.19s/it]
Brands:  71%|███████   | 32/45 [38:50<16:57, 78.30s/it]
Brands:  73%|███████▎  | 33/45 [40:15<16:04, 80.37s/it]
Brands:  76%|███████▌  | 34/45 [40:25<10:51, 59.22s/it]
Brands:  78%|███████▊  | 35/45 [40:30<07:08, 42.88s/it]
Brands:  80%|████████  | 36/45 [42:34<10:04, 67.15s/it]
Brands:  82%|████████▏ | 37/45 [43:38<08:49, 66.18s/it]
Brands:  84%|████████▍ | 38/45 [43:39<05:28, 46.86s/it]
Brands:  87%|████████▋ | 39/45 [43:48<03:32, 35.35s/it]
Brands:  89%|████████▉ | 40/45 [44:37<03:16, 39.39s/it]
Brands:  91%|█████████ | 41/45 [44:56<02:13, 33.29s/it]
Brands:  93%|█████████▎| 42/45 [45:20<01:31, 30.64s/it]
Brands:  96%|█████████▌| 43/45 [46:57<01:41, 50.57s/it]
Brands:  98%|█████████▊| 44/45 [47:24<00:43, 43.33s/it]
Brands: 100%|██████████| 45/45 [47:36<00:00, 34.14s/it]
Brands: 100%|██████████| 45/45 [47:36<00:00, 63.49s/it]

