==== STDOUT (4) Crawl top-month (fnb)) ====
[cue] loaded 1767 cue terms; compiled 1767 regexes from ../data/sector_terms.csv
[info] Brands to crawl: 45; modes=['top:month']; cutoff_days=30
[ok] wrote ../data/reddit_brand_harvest_top_month.csv (rows=865)


==== STDERR (4) Crawl top-month (fnb)) ====

Brands:   0%|          | 0/45 [00:00<?, ?it/s]
Brands:   2%|▏         | 1/45 [00:14<10:23, 14.16s/it]
Brands:   4%|▍         | 2/45 [00:16<05:09,  7.20s/it]
Brands:   7%|▋         | 3/45 [00:20<04:03,  5.79s/it]
Brands:   9%|▉         | 4/45 [00:30<05:10,  7.58s/it]
Brands:  11%|█         | 5/45 [00:32<03:40,  5.50s/it]
Brands:  13%|█▎        | 6/45 [01:50<19:33, 30.08s/it]
Brands:  16%|█▌        | 7/45 [03:14<30:08, 47.59s/it]
Brands:  18%|█▊        | 8/45 [03:44<25:55, 42.04s/it]
Brands:  20%|██        | 9/45 [04:32<26:17, 43.83s/it]
Brands:  22%|██▏       | 10/45 [04:42<19:28, 33.40s/it]
Brands:  24%|██▍       | 11/45 [04:49<14:27, 25.50s/it]
Brands:  27%|██▋       | 12/45 [05:01<11:43, 21.32s/it]
Brands:  29%|██▉       | 13/45 [05:04<08:26, 15.82s/it]
Brands:  31%|███       | 14/45 [05:14<07:11, 13.92s/it]
Brands:  33%|███▎      | 15/45 [05:16<05:08, 10.28s/it]
Brands:  36%|███▌      | 16/45 [05:19<03:56,  8.14s/it]
Brands:  38%|███▊      | 17/45 [05:23<03:14,  6.95s/it]
Brands:  40%|████      | 18/45 [05:31<03:14,  7.19s/it]
Brands:  42%|████▏     | 19/45 [08:58<29:08, 67.26s/it]
Brands:  44%|████▍     | 20/45 [09:01<20:01, 48.05s/it]
Brands:  47%|████▋     | 21/45 [09:15<15:09, 37.88s/it]
Brands:  49%|████▉     | 22/45 [09:32<12:08, 31.67s/it]
Brands:  51%|█████     | 23/45 [09:41<09:02, 24.66s/it]
Brands:  53%|█████▎    | 24/45 [09:47<06:39, 19.02s/it]
Brands:  56%|█████▌    | 25/45 [09:52<04:56, 14.84s/it]
Brands:  58%|█████▊    | 26/45 [09:54<03:27, 10.93s/it]
Brands:  60%|██████    | 27/45 [09:57<02:37,  8.75s/it]
Brands:  62%|██████▏   | 28/45 [09:59<01:55,  6.81s/it]
Brands:  64%|██████▍   | 29/45 [10:01<01:25,  5.32s/it]
Brands:  67%|██████▋   | 30/45 [10:03<01:04,  4.31s/it]
Brands:  69%|██████▉   | 31/45 [10:06<00:54,  3.89s/it]
Brands:  71%|███████   | 32/45 [11:37<06:30, 30.02s/it]
Brands:  73%|███████▎  | 33/45 [12:13<06:22, 31.86s/it]
Brands:  76%|███████▌  | 34/45 [12:15<04:11, 22.85s/it]
Brands:  78%|███████▊  | 35/45 [12:17<02:46, 16.64s/it]
Brands:  80%|████████  | 36/45 [12:33<02:27, 16.44s/it]
Brands:  82%|████████▏ | 37/45 [12:37<01:40, 12.58s/it]
Brands:  84%|████████▍ | 38/45 [12:39<01:05,  9.36s/it]
Brands:  87%|████████▋ | 39/45 [12:43<00:46,  7.78s/it]
Brands:  89%|████████▉ | 40/45 [12:46<00:32,  6.54s/it]
Brands:  91%|█████████ | 41/45 [12:49<00:21,  5.46s/it]
Brands:  93%|█████████▎| 42/45 [12:54<00:15,  5.20s/it]
Brands:  96%|█████████▌| 43/45 [13:09<00:16,  8.28s/it]
Brands:  98%|█████████▊| 44/45 [13:13<00:06,  6.93s/it]
Brands: 100%|██████████| 45/45 [13:15<00:00,  5.50s/it]
Brands: 100%|██████████| 45/45 [13:15<00:00, 17.69s/it]

