==== STDOUT (4) Crawl top-month (beauty)) ====
[cue] loaded 2000 cue terms; compiled 2000 regexes from ../data/sector_terms.csv
[info] Brands to crawl: 67; modes=['top:month']; cutoff_days=30
[ok] wrote ../data/reddit_brand_harvest_top_month.csv (rows=3571)


==== STDERR (4) Crawl top-month (beauty)) ====

Brands:   0%|          | 0/67 [00:00<?, ?it/s]
Brands:   1%|▏         | 1/67 [01:00<1:06:08, 60.13s/it]
Brands:   3%|▎         | 2/67 [01:02<28:32, 26.35s/it]  
Brands:   4%|▍         | 3/67 [02:39<1:02:07, 58.24s/it]
Brands:   6%|▌         | 4/67 [03:48<1:05:44, 62.62s/it]
Brands:   7%|▋         | 5/67 [04:07<48:19, 46.77s/it]  
Brands:   9%|▉         | 6/67 [04:12<33:07, 32.58s/it]
Brands:  10%|█         | 7/67 [04:16<23:15, 23.26s/it]
Brands:  12%|█▏        | 8/67 [04:19<16:44, 17.02s/it]
Brands:  13%|█▎        | 9/67 [04:25<12:59, 13.44s/it]
Brands:  15%|█▍        | 10/67 [04:36<12:08, 12.78s/it]
Brands:  16%|█▋        | 11/67 [05:09<17:41, 18.96s/it]
Brands:  18%|█▊        | 12/67 [05:13<13:02, 14.22s/it]
Brands:  19%|█▉        | 13/67 [05:18<10:21, 11.51s/it]
Brands:  21%|██        | 14/67 [05:27<09:33, 10.83s/it]
Brands:  22%|██▏       | 15/67 [05:54<13:32, 15.63s/it]
Brands:  24%|██▍       | 16/67 [06:30<18:37, 21.90s/it]
Brands:  25%|██▌       | 17/67 [06:35<13:56, 16.73s/it]
Brands:  27%|██▋       | 18/67 [06:39<10:25, 12.77s/it]
Brands:  28%|██▊       | 19/67 [06:56<11:22, 14.21s/it]
Brands:  30%|██▉       | 20/67 [06:58<08:13, 10.51s/it]
Brands:  31%|███▏      | 21/67 [07:19<10:22, 13.53s/it]
Brands:  33%|███▎      | 22/67 [09:02<30:26, 40.60s/it]
Brands:  34%|███▍      | 23/67 [12:12<1:02:31, 85.27s/it]
Brands:  36%|███▌      | 24/67 [12:16<43:46, 61.07s/it]  
Brands:  37%|███▋      | 25/67 [13:57<51:05, 73.00s/it]
Brands:  39%|███▉      | 26/67 [13:59<35:18, 51.66s/it]
Brands:  40%|████      | 27/67 [14:28<29:54, 44.85s/it]
Brands:  42%|████▏     | 28/67 [15:14<29:18, 45.10s/it]
Brands:  43%|████▎     | 29/67 [15:17<20:40, 32.65s/it]
Brands:  45%|████▍     | 30/67 [15:19<14:28, 23.46s/it]
Brands:  46%|████▋     | 31/67 [15:23<10:32, 17.58s/it]
Brands:  48%|████▊     | 32/67 [15:26<07:41, 13.19s/it]
Brands:  49%|████▉     | 33/67 [15:28<05:32,  9.78s/it]
Brands:  51%|█████     | 34/67 [15:33<04:34,  8.33s/it]
Brands:  52%|█████▏    | 35/67 [15:35<03:23,  6.37s/it]
Brands:  54%|█████▎    | 36/67 [15:52<05:03,  9.79s/it]
Brands:  55%|█████▌    | 37/67 [15:59<04:23,  8.80s/it]
Brands:  57%|█████▋    | 38/67 [16:21<06:10, 12.76s/it]
Brands:  58%|█████▊    | 39/67 [16:23<04:27,  9.54s/it]
Brands:  60%|█████▉    | 40/67 [17:03<08:25, 18.73s/it]
Brands:  61%|██████    | 41/67 [18:14<14:52, 34.34s/it]
Brands:  63%|██████▎   | 42/67 [18:16<10:14, 24.57s/it]
Brands:  64%|██████▍   | 43/67 [18:34<09:08, 22.84s/it]
Brands:  66%|██████▌   | 44/67 [19:40<13:37, 35.53s/it]
Brands:  67%|██████▋   | 45/67 [20:28<14:26, 39.39s/it]
Brands:  69%|██████▊   | 46/67 [20:42<11:05, 31.69s/it]
Brands:  70%|███████   | 47/67 [20:45<07:45, 23.27s/it]
Brands:  72%|███████▏  | 48/67 [20:48<05:25, 17.11s/it]
Brands:  73%|███████▎  | 49/67 [20:51<03:49, 12.75s/it]
Brands:  75%|███████▍  | 50/67 [21:04<03:39, 12.93s/it]
Brands:  76%|███████▌  | 51/67 [21:28<04:19, 16.23s/it]
Brands:  78%|███████▊  | 52/67 [21:30<02:58, 11.90s/it]
Brands:  79%|███████▉  | 53/67 [21:56<03:47, 16.23s/it]
Brands:  81%|████████  | 54/67 [22:04<02:59, 13.79s/it]
Brands:  82%|████████▏ | 55/67 [23:47<08:04, 40.40s/it]
Brands:  84%|████████▎ | 56/67 [24:05<06:11, 33.76s/it]
Brands:  85%|████████▌ | 57/67 [25:30<08:11, 49.15s/it]
Brands:  87%|████████▋ | 58/67 [26:01<06:33, 43.77s/it]
Brands:  88%|████████▊ | 59/67 [27:48<08:20, 62.58s/it]
Brands:  90%|████████▉ | 60/67 [27:50<05:10, 44.40s/it]
Brands:  91%|█████████ | 61/67 [28:11<03:44, 37.44s/it]
Brands:  93%|█████████▎| 62/67 [28:55<03:17, 39.53s/it]
Brands:  94%|█████████▍| 63/67 [29:05<02:02, 30.66s/it]
Brands:  96%|█████████▌| 64/67 [30:19<02:10, 43.57s/it]
Brands:  97%|█████████▋| 65/67 [31:27<01:41, 50.89s/it]
Brands:  99%|█████████▊| 66/67 [31:57<00:44, 44.80s/it]
Brands: 100%|██████████| 67/67 [32:51<00:00, 47.35s/it]
Brands: 100%|██████████| 67/67 [32:51<00:00, 29.42s/it]

