==== STDOUT (1) Harvest aliases (hot-only)) ====
[info] Brands to crawl: 67; modes=['hot']; cutoff_days=ALL
[ok] wrote ../data/reddit_brand_harvest_hot.csv (rows=9348)


==== STDERR (1) Harvest aliases (hot-only)) ====

Brands:   0%|          | 0/67 [00:00<?, ?it/s]
Brands:   1%|▏         | 1/67 [00:58<1:04:31, 58.65s/it]
Brands:   3%|▎         | 2/67 [01:14<36:30, 33.71s/it]  
Brands:   4%|▍         | 3/67 [03:46<1:33:22, 87.53s/it]
Brands:   6%|▌         | 4/67 [05:13<1:31:32, 87.18s/it]
Brands:   7%|▋         | 5/67 [06:31<1:26:44, 83.95s/it]
Brands:   9%|▉         | 6/67 [07:39<1:19:57, 78.64s/it]
Brands:  10%|█         | 7/67 [08:10<1:02:54, 62.91s/it]
Brands:  12%|█▏        | 8/67 [09:08<1:00:22, 61.40s/it]
Brands:  13%|█▎        | 9/67 [10:21<1:02:58, 65.14s/it]
Brands:  15%|█▍        | 10/67 [11:40<1:05:56, 69.41s/it]
Brands:  16%|█▋        | 11/67 [13:37<1:18:26, 84.04s/it]
Brands:  18%|█▊        | 12/67 [14:04<1:00:57, 66.50s/it]
Brands:  19%|█▉        | 13/67 [14:23<46:53, 52.10s/it]  
Brands:  21%|██        | 14/67 [15:35<51:22, 58.16s/it]
Brands:  22%|██▏       | 15/67 [16:44<53:18, 61.50s/it]
Brands:  24%|██▍       | 16/67 [19:03<1:11:59, 84.69s/it]
Brands:  25%|██▌       | 17/67 [19:58<1:03:07, 75.74s/it]
Brands:  27%|██▋       | 18/67 [20:15<47:28, 58.13s/it]  
Brands:  28%|██▊       | 19/67 [21:20<48:08, 60.18s/it]
Brands:  30%|██▉       | 20/67 [21:23<33:38, 42.94s/it]
Brands:  31%|███▏      | 21/67 [22:46<42:14, 55.10s/it]
Brands:  33%|███▎      | 22/67 [24:14<48:37, 64.84s/it]
Brands:  34%|███▍      | 23/67 [26:43<1:06:06, 90.16s/it]
Brands:  36%|███▌      | 24/67 [28:16<1:05:15, 91.05s/it]
Brands:  37%|███▋      | 25/67 [29:45<1:03:14, 90.34s/it]
Brands:  39%|███▉      | 26/67 [30:17<49:55, 73.06s/it]  
Brands:  40%|████      | 27/67 [31:53<53:11, 79.80s/it]
Brands:  42%|████▏     | 28/67 [33:46<58:25, 89.88s/it]
Brands:  43%|████▎     | 29/67 [34:11<44:38, 70.49s/it]
Brands:  45%|████▍     | 30/67 [34:14<30:58, 50.24s/it]
Brands:  46%|████▋     | 31/67 [36:17<43:04, 71.80s/it]
Brands:  48%|████▊     | 32/67 [36:33<32:06, 55.05s/it]
Brands:  49%|████▉     | 33/67 [36:35<22:13, 39.23s/it]
Brands:  51%|█████     | 34/67 [37:33<24:40, 44.85s/it]
Brands:  52%|█████▏    | 35/67 [37:40<17:49, 33.43s/it]
Brands:  54%|█████▎    | 36/67 [39:19<27:34, 53.37s/it]
Brands:  55%|█████▌    | 37/67 [39:30<20:12, 40.40s/it]
Brands:  57%|█████▋    | 38/67 [40:32<22:44, 47.06s/it]
Brands:  58%|█████▊    | 39/67 [40:41<16:35, 35.57s/it]
Brands:  60%|█████▉    | 40/67 [41:57<21:28, 47.73s/it]
Brands:  61%|██████    | 41/67 [44:13<32:11, 74.30s/it]
Brands:  63%|██████▎   | 42/67 [44:15<21:54, 52.56s/it]
Brands:  64%|██████▍   | 43/67 [45:17<22:06, 55.26s/it]
Brands:  66%|██████▌   | 44/67 [46:28<23:03, 60.15s/it]
Brands:  67%|██████▋   | 45/67 [48:25<28:13, 76.97s/it]
Brands:  69%|██████▊   | 46/67 [49:36<26:20, 75.26s/it]
Brands:  70%|███████   | 47/67 [49:39<17:55, 53.77s/it]
Brands:  72%|███████▏  | 48/67 [49:56<13:31, 42.73s/it]
Brands:  73%|███████▎  | 49/67 [50:04<09:39, 32.18s/it]
Brands:  75%|███████▍  | 50/67 [51:48<15:12, 53.68s/it]
Brands:  76%|███████▌  | 51/67 [53:05<16:13, 60.87s/it]
Brands:  78%|███████▊  | 52/67 [53:07<10:47, 43.14s/it]
Brands:  79%|███████▉  | 53/67 [54:47<13:59, 59.98s/it]
Brands:  81%|████████  | 54/67 [55:31<11:58, 55.28s/it]
Brands:  82%|████████▏ | 55/67 [57:14<13:57, 69.77s/it]
Brands:  84%|████████▎ | 56/67 [58:14<12:13, 66.72s/it]
Brands:  85%|████████▌ | 57/67 [59:54<12:45, 76.55s/it]
Brands:  87%|████████▋ | 58/67 [1:02:05<13:56, 92.98s/it]
Brands:  88%|████████▊ | 59/67 [1:03:41<12:31, 93.96s/it]
Brands:  90%|████████▉ | 60/67 [1:04:15<08:51, 75.88s/it]
Brands:  91%|█████████ | 61/67 [1:05:48<08:06, 81.01s/it]
Brands:  93%|█████████▎| 62/67 [1:07:09<06:45, 81.16s/it]
Brands:  94%|█████████▍| 63/67 [1:08:29<05:22, 80.74s/it]
Brands:  96%|█████████▌| 64/67 [1:09:52<04:04, 81.51s/it]
Brands:  97%|█████████▋| 65/67 [1:10:59<02:33, 76.95s/it]
Brands:  99%|█████████▊| 66/67 [1:12:19<01:18, 78.05s/it]
Brands: 100%|██████████| 67/67 [1:13:42<00:00, 79.51s/it]
Brands: 100%|██████████| 67/67 [1:13:42<00:00, 66.01s/it]

