==== STDOUT (4) Crawl top-month (kpop)) ====
[cue] loaded 1505 cue terms; compiled 1505 regexes from ../data/sector_terms.csv
[info] Brands to crawl: 42; modes=['top:month']; cutoff_days=30
[ok] wrote ../data/reddit_brand_harvest_top_month.csv (rows=4202)


==== STDERR (4) Crawl top-month (kpop)) ====

Brands:   0%|          | 0/42 [00:00<?, ?it/s]
Brands:   2%|▏         | 1/42 [00:31<21:39, 31.69s/it]
Brands:   5%|▍         | 2/42 [09:51<3:48:20, 342.50s/it]
Brands:   7%|▋         | 3/42 [11:08<2:23:47, 221.22s/it]
Brands:  10%|▉         | 4/42 [12:58<1:52:12, 177.16s/it]
Brands:  12%|█▏        | 5/42 [14:19<1:28:01, 142.73s/it]
Brands:  14%|█▍        | 6/42 [15:44<1:13:49, 123.04s/it]
Brands:  17%|█▋        | 7/42 [18:09<1:15:57, 130.20s/it]
Brands:  19%|█▉        | 8/42 [19:27<1:04:22, 113.60s/it]
Brands:  21%|██▏       | 9/42 [20:09<50:08, 91.16s/it]   
Brands:  24%|██▍       | 10/42 [21:27<46:27, 87.10s/it]
Brands:  26%|██▌       | 11/42 [21:40<33:20, 64.54s/it]
Brands:  29%|██▊       | 12/42 [23:13<36:33, 73.13s/it]
Brands:  31%|███       | 13/42 [23:40<28:37, 59.22s/it]
Brands:  33%|███▎      | 14/42 [25:05<31:09, 66.78s/it]
Brands:  36%|███▌      | 15/42 [25:14<22:13, 49.39s/it]
Brands:  38%|███▊      | 16/42 [25:29<16:53, 38.98s/it]
Brands:  40%|████      | 17/42 [26:50<21:35, 51.83s/it]
Brands:  43%|████▎     | 18/42 [27:36<19:57, 49.89s/it]
Brands:  45%|████▌     | 19/42 [29:03<23:26, 61.17s/it]
Brands:  48%|████▊     | 20/42 [31:57<34:46, 94.85s/it]
Brands:  50%|█████     | 21/42 [32:30<26:43, 76.37s/it]
Brands:  52%|█████▏    | 22/42 [33:05<21:21, 64.05s/it]
Brands:  55%|█████▍    | 23/42 [33:33<16:52, 53.31s/it]
Brands:  57%|█████▋    | 24/42 [34:50<18:06, 60.36s/it]
Brands:  60%|█████▉    | 25/42 [35:00<12:48, 45.23s/it]
Brands:  62%|██████▏   | 26/42 [37:21<19:42, 73.92s/it]
Brands:  64%|██████▍   | 27/42 [38:44<19:09, 76.65s/it]
Brands:  67%|██████▋   | 28/42 [41:07<22:29, 96.42s/it]
Brands:  69%|██████▉   | 29/42 [42:31<20:08, 92.97s/it]
Brands:  71%|███████▏  | 30/42 [44:26<19:54, 99.52s/it]
Brands:  74%|███████▍  | 31/42 [45:14<15:24, 84.05s/it]
Brands:  76%|███████▌  | 32/42 [46:34<13:47, 82.72s/it]
Brands:  79%|███████▊  | 33/42 [48:10<13:01, 86.88s/it]
Brands:  81%|████████  | 34/42 [49:21<10:55, 81.91s/it]
Brands:  83%|████████▎ | 35/42 [50:26<08:57, 76.78s/it]
Brands:  86%|████████▌ | 36/42 [51:59<08:11, 81.87s/it]
Brands:  88%|████████▊ | 37/42 [1:02:16<20:11, 242.23s/it]
Brands:  90%|█████████ | 38/42 [1:04:30<13:58, 209.70s/it]
Brands:  93%|█████████▎| 39/42 [1:05:39<08:22, 167.63s/it]
Brands:  95%|█████████▌| 40/42 [1:08:06<05:22, 161.35s/it]
Brands:  98%|█████████▊| 41/42 [1:09:58<02:26, 146.50s/it]
Brands: 100%|██████████| 42/42 [1:11:06<00:00, 122.95s/it]
Brands: 100%|██████████| 42/42 [1:11:06<00:00, 101.57s/it]

