==== STDOUT (1) Harvest aliases (hot-only)) ====
[info] Brands to crawl: 42; modes=['hot']; cutoff_days=ALL
[ok] wrote ../data/reddit_brand_harvest_hot.csv (rows=7938)


==== STDERR (1) Harvest aliases (hot-only)) ====

Brands:   0%|          | 0/42 [00:00<?, ?it/s]
Brands:   2%|▏         | 1/42 [01:19<54:07, 79.20s/it]
Brands:   5%|▍         | 2/42 [03:39<1:16:36, 114.92s/it]
Brands:   7%|▋         | 3/42 [04:53<1:02:32, 96.23s/it] 
Brands:  10%|▉         | 4/42 [06:18<58:18, 92.08s/it]  
Brands:  12%|█▏        | 5/42 [07:26<51:24, 83.36s/it]
Brands:  14%|█▍        | 6/42 [08:42<48:24, 80.69s/it]
Brands:  17%|█▋        | 7/42 [09:39<42:41, 73.19s/it]
Brands:  19%|█▉        | 8/42 [10:49<40:51, 72.11s/it]
Brands:  21%|██▏       | 9/42 [12:08<40:46, 74.14s/it]
Brands:  24%|██▍       | 10/42 [13:07<37:06, 69.57s/it]
Brands:  26%|██▌       | 11/42 [14:48<40:53, 79.16s/it]
Brands:  29%|██▊       | 12/42 [15:57<38:03, 76.12s/it]
Brands:  31%|███       | 13/42 [17:12<36:33, 75.64s/it]
Brands:  33%|███▎      | 14/42 [18:26<35:04, 75.17s/it]
Brands:  36%|███▌      | 15/42 [19:34<32:52, 73.07s/it]
Brands:  38%|███▊      | 16/42 [20:42<30:58, 71.49s/it]
Brands:  40%|████      | 17/42 [21:56<30:08, 72.33s/it]
Brands:  43%|████▎     | 18/42 [23:48<33:37, 84.04s/it]
Brands:  45%|████▌     | 19/42 [24:43<28:52, 75.33s/it]
Brands:  48%|████▊     | 20/42 [26:37<31:55, 87.09s/it]
Brands:  50%|█████     | 21/42 [27:41<28:00, 80.01s/it]
Brands:  52%|█████▏    | 22/42 [28:57<26:16, 78.81s/it]
Brands:  55%|█████▍    | 23/42 [30:20<25:21, 80.08s/it]
Brands:  57%|█████▋    | 24/42 [31:30<23:09, 77.18s/it]
Brands:  60%|█████▉    | 25/42 [32:52<22:18, 78.73s/it]
Brands:  62%|██████▏   | 26/42 [34:19<21:39, 81.20s/it]
Brands:  64%|██████▍   | 27/42 [35:25<19:07, 76.49s/it]
Brands:  67%|██████▋   | 28/42 [37:39<21:51, 93.67s/it]
Brands:  69%|██████▉   | 29/42 [38:37<18:01, 83.21s/it]
Brands:  71%|███████▏  | 30/42 [41:16<21:11, 105.95s/it]
Brands:  74%|███████▍  | 31/42 [42:36<17:57, 97.94s/it] 
Brands:  76%|███████▌  | 32/42 [43:42<14:44, 88.45s/it]
Brands:  79%|███████▊  | 33/42 [44:55<12:33, 83.74s/it]
Brands:  81%|████████  | 34/42 [45:56<10:15, 76.90s/it]
Brands:  83%|████████▎ | 35/42 [47:06<08:43, 74.82s/it]
Brands:  86%|████████▌ | 36/42 [48:32<07:50, 78.37s/it]
Brands:  88%|████████▊ | 37/42 [51:33<09:05, 109.04s/it]
Brands:  90%|█████████ | 38/42 [52:42<06:28, 97.10s/it] 
Brands:  93%|█████████▎| 39/42 [53:44<04:19, 86.56s/it]
Brands:  95%|█████████▌| 40/42 [55:10<02:52, 86.49s/it]
Brands:  98%|█████████▊| 41/42 [56:24<01:22, 82.76s/it]
Brands: 100%|██████████| 42/42 [57:51<00:00, 83.82s/it]
Brands: 100%|██████████| 42/42 [57:51<00:00, 82.65s/it]

